{"C:\\Users\\Rustam\\Documents\\nodejs\\simple-crud-api\\__tests__\\utils\\createTestServer.js": {"path":"C:\\Users\\Rustam\\Documents\\nodejs\\simple-crud-api\\__tests__\\utils\\createTestServer.js","statementMap":{"0":{"start":{"line":1,"column":15},"end":{"line":1,"column":49}},"1":{"start":{"line":4,"column":4},"end":{"line":12,"column":7}},"2":{"start":{"line":5,"column":8},"end":{"line":7,"column":11}},"3":{"start":{"line":6,"column":12},"end":{"line":6,"column":28}},"4":{"start":{"line":8,"column":8},"end":{"line":11,"column":10}},"5":{"start":{"line":9,"column":12},"end":{"line":9,"column":27}},"6":{"start":{"line":10,"column":12},"end":{"line":10,"column":24}},"7":{"start":{"line":15,"column":0},"end":{"line":15,"column":34}}},"fnMap":{"0":{"name":"createTestServer","decl":{"start":{"line":3,"column":9},"end":{"line":3,"column":25}},"loc":{"start":{"line":3,"column":28},"end":{"line":13,"column":1}},"line":3},"1":{"name":"(anonymous_1)","decl":{"start":{"line":4,"column":23},"end":{"line":4,"column":24}},"loc":{"start":{"line":4,"column":44},"end":{"line":12,"column":5}},"line":4},"2":{"name":"(anonymous_2)","decl":{"start":{"line":5,"column":28},"end":{"line":5,"column":29}},"loc":{"start":{"line":5,"column":34},"end":{"line":7,"column":9}},"line":5},"3":{"name":"(anonymous_3)","decl":{"start":{"line":8,"column":27},"end":{"line":8,"column":28}},"loc":{"start":{"line":8,"column":38},"end":{"line":11,"column":9}},"line":8}},"branchMap":{},"s":{"0":1,"1":1,"2":1,"3":1,"4":1,"5":0,"6":0,"7":1},"f":{"0":1,"1":1,"2":1,"3":0},"b":{},"_coverageSchema":"1a1c01bbd47fc00a2c39e90264f33305004495a9","hash":"4cbe4c9480bacf4184a51cf23f33cae40b7f39b3"}
,"C:\\Users\\Rustam\\Documents\\nodejs\\simple-crud-api\\__tests__\\utils\\sendRequestToServer.js": {"path":"C:\\Users\\Rustam\\Documents\\nodejs\\simple-crud-api\\__tests__\\utils\\sendRequestToServer.js","statementMap":{"0":{"start":{"line":1,"column":13},"end":{"line":1,"column":28}},"1":{"start":{"line":4,"column":4},"end":{"line":27,"column":7}},"2":{"start":{"line":5,"column":20},"end":{"line":18,"column":10}},"3":{"start":{"line":6,"column":25},"end":{"line":6,"column":39}},"4":{"start":{"line":7,"column":23},"end":{"line":7,"column":25}},"5":{"start":{"line":8,"column":12},"end":{"line":8,"column":36}},"6":{"start":{"line":9,"column":12},"end":{"line":11,"column":15}},"7":{"start":{"line":10,"column":14},"end":{"line":10,"column":39}},"8":{"start":{"line":12,"column":12},"end":{"line":17,"column":15}},"9":{"start":{"line":13,"column":16},"end":{"line":16,"column":19}},"10":{"start":{"line":20,"column":8},"end":{"line":22,"column":11}},"11":{"start":{"line":21,"column":12},"end":{"line":21,"column":22}},"12":{"start":{"line":23,"column":8},"end":{"line":25,"column":9}},"13":{"start":{"line":24,"column":12},"end":{"line":24,"column":38}},"14":{"start":{"line":26,"column":8},"end":{"line":26,"column":18}},"15":{"start":{"line":30,"column":0},"end":{"line":30,"column":37}}},"fnMap":{"0":{"name":"sendRequestToServer","decl":{"start":{"line":3,"column":9},"end":{"line":3,"column":28}},"loc":{"start":{"line":3,"column":54},"end":{"line":28,"column":1}},"line":3},"1":{"name":"(anonymous_1)","decl":{"start":{"line":4,"column":23},"end":{"line":4,"column":24}},"loc":{"start":{"line":4,"column":44},"end":{"line":27,"column":5}},"line":4},"2":{"name":"(anonymous_2)","decl":{"start":{"line":5,"column":42},"end":{"line":5,"column":43}},"loc":{"start":{"line":5,"column":51},"end":{"line":18,"column":9}},"line":5},"3":{"name":"(anonymous_3)","decl":{"start":{"line":9,"column":27},"end":{"line":9,"column":28}},"loc":{"start":{"line":9,"column":38},"end":{"line":11,"column":13}},"line":9},"4":{"name":"(anonymous_4)","decl":{"start":{"line":12,"column":26},"end":{"line":12,"column":27}},"loc":{"start":{"line":12,"column":32},"end":{"line":17,"column":13}},"line":12},"5":{"name":"(anonymous_5)","decl":{"start":{"line":20,"column":24},"end":{"line":20,"column":25}},"loc":{"start":{"line":20,"column":31},"end":{"line":22,"column":9}},"line":20}},"branchMap":{"0":{"loc":{"start":{"line":23,"column":8},"end":{"line":25,"column":9}},"type":"if","locations":[{"start":{"line":23,"column":8},"end":{"line":25,"column":9}},{"start":{},"end":{}}],"line":23}},"s":{"0":1,"1":6,"2":6,"3":6,"4":6,"5":6,"6":6,"7":5,"8":6,"9":6,"10":6,"11":0,"12":6,"13":2,"14":6,"15":1},"f":{"0":6,"1":6,"2":6,"3":5,"4":6,"5":0},"b":{"0":[2,4]},"_coverageSchema":"1a1c01bbd47fc00a2c39e90264f33305004495a9","hash":"0bd0ee15d27d365123c23d962b42eeca3432a782"}
,"C:\\Users\\Rustam\\Documents\\nodejs\\simple-crud-api\\src\\controllers\\person.js": {"path":"C:\\Users\\Rustam\\Documents\\nodejs\\simple-crud-api\\src\\controllers\\person.js","statementMap":{"0":{"start":{"line":1,"column":23},"end":{"line":1,"column":38}},"1":{"start":{"line":2,"column":11},"end":{"line":2,"column":30}},"2":{"start":{"line":5,"column":20},"end":{"line":5,"column":22}},"3":{"start":{"line":6,"column":4},"end":{"line":8,"column":7}},"4":{"start":{"line":7,"column":8},"end":{"line":7,"column":29}},"5":{"start":{"line":9,"column":4},"end":{"line":9,"column":36}},"6":{"start":{"line":13,"column":18},"end":{"line":13,"column":34}},"7":{"start":{"line":14,"column":4},"end":{"line":14,"column":45}},"8":{"start":{"line":14,"column":16},"end":{"line":14,"column":45}},"9":{"start":{"line":15,"column":19},"end":{"line":15,"column":35}},"10":{"start":{"line":16,"column":4},"end":{"line":16,"column":35}},"11":{"start":{"line":20,"column":18},"end":{"line":20,"column":70}},"12":{"start":{"line":21,"column":4},"end":{"line":21,"column":45}},"13":{"start":{"line":21,"column":16},"end":{"line":21,"column":45}},"14":{"start":{"line":22,"column":15},"end":{"line":22,"column":23}},"15":{"start":{"line":23,"column":19},"end":{"line":26,"column":5}},"16":{"start":{"line":27,"column":4},"end":{"line":27,"column":23}},"17":{"start":{"line":28,"column":4},"end":{"line":28,"column":35}},"18":{"start":{"line":32,"column":18},"end":{"line":32,"column":35}},"19":{"start":{"line":33,"column":4},"end":{"line":33,"column":45}},"20":{"start":{"line":33,"column":16},"end":{"line":33,"column":45}},"21":{"start":{"line":34,"column":20},"end":{"line":34,"column":37}},"22":{"start":{"line":35,"column":22},"end":{"line":40,"column":5}},"23":{"start":{"line":41,"column":4},"end":{"line":41,"column":33}},"24":{"start":{"line":42,"column":4},"end":{"line":42,"column":38}},"25":{"start":{"line":46,"column":18},"end":{"line":46,"column":34}},"26":{"start":{"line":47,"column":4},"end":{"line":47,"column":45}},"27":{"start":{"line":47,"column":16},"end":{"line":47,"column":45}},"28":{"start":{"line":48,"column":19},"end":{"line":48,"column":35}},"29":{"start":{"line":49,"column":4},"end":{"line":49,"column":24}},"30":{"start":{"line":50,"column":4},"end":{"line":50,"column":35}},"31":{"start":{"line":53,"column":0},"end":{"line":59,"column":1}}},"fnMap":{"0":{"name":"getAllPersons","decl":{"start":{"line":4,"column":15},"end":{"line":4,"column":28}},"loc":{"start":{"line":4,"column":31},"end":{"line":10,"column":1}},"line":4},"1":{"name":"(anonymous_1)","decl":{"start":{"line":6,"column":15},"end":{"line":6,"column":16}},"loc":{"start":{"line":6,"column":27},"end":{"line":8,"column":5}},"line":6},"2":{"name":"getPerson","decl":{"start":{"line":12,"column":15},"end":{"line":12,"column":24}},"loc":{"start":{"line":12,"column":35},"end":{"line":17,"column":1}},"line":12},"3":{"name":"createPerson","decl":{"start":{"line":19,"column":15},"end":{"line":19,"column":27}},"loc":{"start":{"line":19,"column":39},"end":{"line":29,"column":1}},"line":19},"4":{"name":"updatePerson","decl":{"start":{"line":31,"column":15},"end":{"line":31,"column":27}},"loc":{"start":{"line":31,"column":36},"end":{"line":43,"column":1}},"line":31},"5":{"name":"deletePerson","decl":{"start":{"line":45,"column":15},"end":{"line":45,"column":27}},"loc":{"start":{"line":45,"column":38},"end":{"line":51,"column":1}},"line":45}},"branchMap":{"0":{"loc":{"start":{"line":14,"column":4},"end":{"line":14,"column":45}},"type":"if","locations":[{"start":{"line":14,"column":4},"end":{"line":14,"column":45}},{"start":{},"end":{}}],"line":14},"1":{"loc":{"start":{"line":20,"column":18},"end":{"line":20,"column":70}},"type":"binary-expr","locations":[{"start":{"line":20,"column":18},"end":{"line":20,"column":32}},{"start":{"line":20,"column":36},"end":{"line":20,"column":49}},{"start":{"line":20,"column":53},"end":{"line":20,"column":70}}],"line":20},"2":{"loc":{"start":{"line":21,"column":4},"end":{"line":21,"column":45}},"type":"if","locations":[{"start":{"line":21,"column":4},"end":{"line":21,"column":45}},{"start":{},"end":{}}],"line":21},"3":{"loc":{"start":{"line":33,"column":4},"end":{"line":33,"column":45}},"type":"if","locations":[{"start":{"line":33,"column":4},"end":{"line":33,"column":45}},{"start":{},"end":{}}],"line":33},"4":{"loc":{"start":{"line":37,"column":14},"end":{"line":37,"column":52}},"type":"cond-expr","locations":[{"start":{"line":37,"column":27},"end":{"line":37,"column":38}},{"start":{"line":37,"column":40},"end":{"line":37,"column":52}}],"line":37},"5":{"loc":{"start":{"line":38,"column":13},"end":{"line":38,"column":48}},"type":"cond-expr","locations":[{"start":{"line":38,"column":25},"end":{"line":38,"column":35}},{"start":{"line":38,"column":37},"end":{"line":38,"column":48}}],"line":38},"6":{"loc":{"start":{"line":39,"column":17},"end":{"line":39,"column":64}},"type":"cond-expr","locations":[{"start":{"line":39,"column":33},"end":{"line":39,"column":47}},{"start":{"line":39,"column":49},"end":{"line":39,"column":64}}],"line":39},"7":{"loc":{"start":{"line":47,"column":4},"end":{"line":47,"column":45}},"type":"if","locations":[{"start":{"line":47,"column":4},"end":{"line":47,"column":45}},{"start":{},"end":{}}],"line":47}},"s":{"0":1,"1":1,"2":1,"3":1,"4":0,"5":1,"6":2,"7":2,"8":1,"9":1,"10":1,"11":1,"12":1,"13":0,"14":1,"15":1,"16":1,"17":1,"18":1,"19":1,"20":0,"21":1,"22":1,"23":1,"24":1,"25":1,"26":1,"27":0,"28":1,"29":1,"30":1,"31":1},"f":{"0":1,"1":0,"2":2,"3":1,"4":1,"5":1},"b":{"0":[1,1],"1":[1,1,1],"2":[0,1],"3":[0,1],"4":[1,0],"5":[1,0],"6":[1,0],"7":[0,1]},"_coverageSchema":"1a1c01bbd47fc00a2c39e90264f33305004495a9","hash":"650d4995daa75e48313da49edd5cf09083cf1a8d"}
,"C:\\Users\\Rustam\\Documents\\nodejs\\simple-crud-api\\src\\db\\db.js": {"path":"C:\\Users\\Rustam\\Documents\\nodejs\\simple-crud-api\\src\\db\\db.js","statementMap":{"0":{"start":{"line":1,"column":11},"end":{"line":1,"column":20}},"1":{"start":{"line":3,"column":0},"end":{"line":3,"column":20}}},"fnMap":{},"branchMap":{},"s":{"0":1,"1":1},"f":{},"b":{},"_coverageSchema":"1a1c01bbd47fc00a2c39e90264f33305004495a9","hash":"2483a6c7b3cb9fa134d0ae49fb8b667afd795989"}
,"C:\\Users\\Rustam\\Documents\\nodejs\\simple-crud-api\\src\\handlers\\person.js": {"path":"C:\\Users\\Rustam\\Documents\\nodejs\\simple-crud-api\\src\\handlers\\person.js","statementMap":{"0":{"start":{"line":1,"column":20},"end":{"line":1,"column":52}},"1":{"start":{"line":2,"column":18},"end":{"line":2,"column":47}},"2":{"start":{"line":5,"column":20},"end":{"line":5,"column":53}},"3":{"start":{"line":6,"column":4},"end":{"line":6,"column":63}},"4":{"start":{"line":7,"column":4},"end":{"line":7,"column":37}},"5":{"start":{"line":11,"column":20},"end":{"line":11,"column":33}},"6":{"start":{"line":12,"column":16},"end":{"line":12,"column":107}},"7":{"start":{"line":13,"column":18},"end":{"line":13,"column":35}},"8":{"start":{"line":14,"column":4},"end":{"line":17,"column":5}},"9":{"start":{"line":15,"column":8},"end":{"line":15,"column":66}},"10":{"start":{"line":16,"column":8},"end":{"line":16,"column":15}},"11":{"start":{"line":18,"column":19},"end":{"line":18,"column":55}},"12":{"start":{"line":19,"column":4},"end":{"line":22,"column":5}},"13":{"start":{"line":20,"column":8},"end":{"line":20,"column":72}},"14":{"start":{"line":21,"column":8},"end":{"line":21,"column":15}},"15":{"start":{"line":23,"column":4},"end":{"line":23,"column":63}},"16":{"start":{"line":24,"column":4},"end":{"line":24,"column":36}},"17":{"start":{"line":29,"column":4},"end":{"line":33,"column":5}},"18":{"start":{"line":30,"column":8},"end":{"line":30,"column":36}},"19":{"start":{"line":32,"column":8},"end":{"line":32,"column":60}},"20":{"start":{"line":34,"column":19},"end":{"line":34,"column":55}},"21":{"start":{"line":35,"column":4},"end":{"line":35,"column":63}},"22":{"start":{"line":36,"column":4},"end":{"line":36,"column":36}},"23":{"start":{"line":40,"column":15},"end":{"line":40,"column":28}},"24":{"start":{"line":41,"column":16},"end":{"line":41,"column":107}},"25":{"start":{"line":42,"column":18},"end":{"line":42,"column":30}},"26":{"start":{"line":43,"column":4},"end":{"line":46,"column":5}},"27":{"start":{"line":44,"column":8},"end":{"line":44,"column":66}},"28":{"start":{"line":45,"column":8},"end":{"line":45,"column":15}},"29":{"start":{"line":48,"column":4},"end":{"line":52,"column":5}},"30":{"start":{"line":49,"column":8},"end":{"line":49,"column":36}},"31":{"start":{"line":51,"column":8},"end":{"line":51,"column":60}},"32":{"start":{"line":53,"column":4},"end":{"line":53,"column":17}},"33":{"start":{"line":54,"column":19},"end":{"line":54,"column":55}},"34":{"start":{"line":55,"column":4},"end":{"line":58,"column":5}},"35":{"start":{"line":56,"column":8},"end":{"line":56,"column":67}},"36":{"start":{"line":57,"column":8},"end":{"line":57,"column":15}},"37":{"start":{"line":59,"column":4},"end":{"line":59,"column":63}},"38":{"start":{"line":60,"column":4},"end":{"line":60,"column":36}},"39":{"start":{"line":64,"column":15},"end":{"line":64,"column":28}},"40":{"start":{"line":65,"column":16},"end":{"line":65,"column":107}},"41":{"start":{"line":66,"column":18},"end":{"line":66,"column":30}},"42":{"start":{"line":67,"column":4},"end":{"line":70,"column":5}},"43":{"start":{"line":68,"column":8},"end":{"line":68,"column":66}},"44":{"start":{"line":69,"column":8},"end":{"line":69,"column":15}},"45":{"start":{"line":71,"column":19},"end":{"line":71,"column":53}},"46":{"start":{"line":72,"column":4},"end":{"line":75,"column":5}},"47":{"start":{"line":73,"column":8},"end":{"line":73,"column":67}},"48":{"start":{"line":74,"column":8},"end":{"line":74,"column":15}},"49":{"start":{"line":76,"column":4},"end":{"line":76,"column":63}},"50":{"start":{"line":77,"column":4},"end":{"line":77,"column":14}},"51":{"start":{"line":80,"column":0},"end":{"line":86,"column":1}}},"fnMap":{"0":{"name":"getAllPersons","decl":{"start":{"line":4,"column":15},"end":{"line":4,"column":28}},"loc":{"start":{"line":4,"column":39},"end":{"line":8,"column":1}},"line":4},"1":{"name":"getPerson","decl":{"start":{"line":10,"column":15},"end":{"line":10,"column":24}},"loc":{"start":{"line":10,"column":35},"end":{"line":25,"column":1}},"line":10},"2":{"name":"createPerson","decl":{"start":{"line":27,"column":15},"end":{"line":27,"column":27}},"loc":{"start":{"line":27,"column":38},"end":{"line":37,"column":1}},"line":27},"3":{"name":"updatePerson","decl":{"start":{"line":39,"column":15},"end":{"line":39,"column":27}},"loc":{"start":{"line":39,"column":38},"end":{"line":61,"column":1}},"line":39},"4":{"name":"deletePerson","decl":{"start":{"line":63,"column":15},"end":{"line":63,"column":27}},"loc":{"start":{"line":63,"column":38},"end":{"line":78,"column":1}},"line":63}},"branchMap":{"0":{"loc":{"start":{"line":14,"column":4},"end":{"line":17,"column":5}},"type":"if","locations":[{"start":{"line":14,"column":4},"end":{"line":17,"column":5}},{"start":{},"end":{}}],"line":14},"1":{"loc":{"start":{"line":19,"column":4},"end":{"line":22,"column":5}},"type":"if","locations":[{"start":{"line":19,"column":4},"end":{"line":22,"column":5}},{"start":{},"end":{}}],"line":19},"2":{"loc":{"start":{"line":43,"column":4},"end":{"line":46,"column":5}},"type":"if","locations":[{"start":{"line":43,"column":4},"end":{"line":46,"column":5}},{"start":{},"end":{}}],"line":43},"3":{"loc":{"start":{"line":55,"column":4},"end":{"line":58,"column":5}},"type":"if","locations":[{"start":{"line":55,"column":4},"end":{"line":58,"column":5}},{"start":{},"end":{}}],"line":55},"4":{"loc":{"start":{"line":67,"column":4},"end":{"line":70,"column":5}},"type":"if","locations":[{"start":{"line":67,"column":4},"end":{"line":70,"column":5}},{"start":{},"end":{}}],"line":67},"5":{"loc":{"start":{"line":72,"column":4},"end":{"line":75,"column":5}},"type":"if","locations":[{"start":{"line":72,"column":4},"end":{"line":75,"column":5}},{"start":{},"end":{}}],"line":72}},"s":{"0":1,"1":1,"2":1,"3":1,"4":1,"5":2,"6":2,"7":2,"8":2,"9":0,"10":0,"11":2,"12":2,"13":1,"14":1,"15":1,"16":1,"17":1,"18":1,"19":0,"20":1,"21":1,"22":1,"23":1,"24":1,"25":1,"26":1,"27":0,"28":0,"29":1,"30":1,"31":0,"32":1,"33":1,"34":1,"35":0,"36":0,"37":1,"38":1,"39":1,"40":1,"41":1,"42":1,"43":0,"44":0,"45":1,"46":1,"47":0,"48":0,"49":1,"50":1,"51":1},"f":{"0":1,"1":2,"2":1,"3":1,"4":1},"b":{"0":[0,2],"1":[1,1],"2":[0,1],"3":[0,1],"4":[0,1],"5":[0,1]},"_coverageSchema":"1a1c01bbd47fc00a2c39e90264f33305004495a9","hash":"606003f6bbabac7d6f56c50eb48a16ba32d61331"}
,"C:\\Users\\Rustam\\Documents\\nodejs\\simple-crud-api\\src\\parser\\config.js": {"path":"C:\\Users\\Rustam\\Documents\\nodejs\\simple-crud-api\\src\\parser\\config.js","statementMap":{"0":{"start":{"line":1,"column":17},"end":{"line":1,"column":46}},"1":{"start":{"line":3,"column":15},"end":{"line":21,"column":1}},"2":{"start":{"line":23,"column":0},"end":{"line":23,"column":24}}},"fnMap":{},"branchMap":{},"s":{"0":1,"1":1,"2":1},"f":{},"b":{},"_coverageSchema":"1a1c01bbd47fc00a2c39e90264f33305004495a9","hash":"855194ab7df5812952b75bb443b6e56408433fc0"}
,"C:\\Users\\Rustam\\Documents\\nodejs\\simple-crud-api\\src\\parser\\requestParser.js": {"path":"C:\\Users\\Rustam\\Documents\\nodejs\\simple-crud-api\\src\\parser\\requestParser.js","statementMap":{"0":{"start":{"line":1,"column":15},"end":{"line":1,"column":34}},"1":{"start":{"line":2,"column":18},"end":{"line":2,"column":47}},"2":{"start":{"line":3,"column":23},"end":{"line":3,"column":57}},"3":{"start":{"line":4,"column":21},"end":{"line":4,"column":39}},"4":{"start":{"line":8,"column":19},"end":{"line":8,"column":29}},"5":{"start":{"line":9,"column":16},"end":{"line":9,"column":23}},"6":{"start":{"line":10,"column":17},"end":{"line":10,"column":31}},"7":{"start":{"line":11,"column":4},"end":{"line":14,"column":5}},"8":{"start":{"line":12,"column":8},"end":{"line":12,"column":62}},"9":{"start":{"line":13,"column":8},"end":{"line":13,"column":15}},"10":{"start":{"line":15,"column":21},"end":{"line":15,"column":53}},"11":{"start":{"line":16,"column":4},"end":{"line":19,"column":5}},"12":{"start":{"line":17,"column":8},"end":{"line":17,"column":62}},"13":{"start":{"line":18,"column":8},"end":{"line":18,"column":15}},"14":{"start":{"line":20,"column":19},"end":{"line":20,"column":63}},"15":{"start":{"line":21,"column":4},"end":{"line":21,"column":24}},"16":{"start":{"line":22,"column":20},"end":{"line":22,"column":34}},"17":{"start":{"line":23,"column":17},"end":{"line":23,"column":42}},"18":{"start":{"line":24,"column":4},"end":{"line":24,"column":20}},"19":{"start":{"line":25,"column":4},"end":{"line":25,"column":22}},"20":{"start":{"line":28,"column":0},"end":{"line":28,"column":31}}},"fnMap":{"0":{"name":"requestParser","decl":{"start":{"line":7,"column":15},"end":{"line":7,"column":28}},"loc":{"start":{"line":7,"column":39},"end":{"line":26,"column":1}},"line":7}},"branchMap":{"0":{"loc":{"start":{"line":11,"column":4},"end":{"line":14,"column":5}},"type":"if","locations":[{"start":{"line":11,"column":4},"end":{"line":14,"column":5}},{"start":{},"end":{}}],"line":11},"1":{"loc":{"start":{"line":16,"column":4},"end":{"line":19,"column":5}},"type":"if","locations":[{"start":{"line":16,"column":4},"end":{"line":19,"column":5}},{"start":{},"end":{}}],"line":16}},"s":{"0":1,"1":1,"2":1,"3":1,"4":6,"5":6,"6":6,"7":6,"8":0,"9":0,"10":6,"11":6,"12":0,"13":0,"14":6,"15":6,"16":6,"17":6,"18":6,"19":6,"20":1},"f":{"0":6},"b":{"0":[0,6],"1":[0,6]},"_coverageSchema":"1a1c01bbd47fc00a2c39e90264f33305004495a9","hash":"99d8f4e014aba448698ca51e8b55182b6ee1da2e"}
,"C:\\Users\\Rustam\\Documents\\nodejs\\simple-crud-api\\src\\parser\\utils.js": {"path":"C:\\Users\\Rustam\\Documents\\nodejs\\simple-crud-api\\src\\parser\\utils.js","statementMap":{"0":{"start":{"line":2,"column":20},"end":{"line":2,"column":22}},"1":{"start":{"line":3,"column":4},"end":{"line":15,"column":5}},"2":{"start":{"line":4,"column":22},"end":{"line":8,"column":22}},"3":{"start":{"line":5,"column":12},"end":{"line":7,"column":31}},"4":{"start":{"line":6,"column":16},"end":{"line":6,"column":57}},"5":{"start":{"line":7,"column":19},"end":{"line":7,"column":31}},"6":{"start":{"line":9,"column":8},"end":{"line":9,"column":38}},"7":{"start":{"line":10,"column":20},"end":{"line":10,"column":39}},"8":{"start":{"line":11,"column":8},"end":{"line":14,"column":9}},"9":{"start":{"line":12,"column":12},"end":{"line":12,"column":29}},"10":{"start":{"line":13,"column":12},"end":{"line":13,"column":18}},"11":{"start":{"line":16,"column":4},"end":{"line":16,"column":21}},"12":{"start":{"line":20,"column":19},"end":{"line":20,"column":21}},"13":{"start":{"line":21,"column":19},"end":{"line":21,"column":33}},"14":{"start":{"line":22,"column":4},"end":{"line":27,"column":7}},"15":{"start":{"line":23,"column":4},"end":{"line":26,"column":5}},"16":{"start":{"line":24,"column":20},"end":{"line":24,"column":33}},"17":{"start":{"line":25,"column":8},"end":{"line":25,"column":36}},"18":{"start":{"line":28,"column":4},"end":{"line":28,"column":18}},"19":{"start":{"line":31,"column":0},"end":{"line":34,"column":2}}},"fnMap":{"0":{"name":"checkUrl","decl":{"start":{"line":1,"column":9},"end":{"line":1,"column":17}},"loc":{"start":{"line":1,"column":29},"end":{"line":17,"column":1}},"line":1},"1":{"name":"(anonymous_1)","decl":{"start":{"line":4,"column":42},"end":{"line":4,"column":43}},"loc":{"start":{"line":4,"column":52},"end":{"line":8,"column":9}},"line":4},"2":{"name":"getParamsFromUrl","decl":{"start":{"line":19,"column":9},"end":{"line":19,"column":25}},"loc":{"start":{"line":19,"column":37},"end":{"line":29,"column":1}},"line":19},"3":{"name":"(anonymous_3)","decl":{"start":{"line":22,"column":28},"end":{"line":22,"column":29}},"loc":{"start":{"line":22,"column":45},"end":{"line":27,"column":5}},"line":22}},"branchMap":{"0":{"loc":{"start":{"line":5,"column":12},"end":{"line":7,"column":31}},"type":"if","locations":[{"start":{"line":5,"column":12},"end":{"line":7,"column":31}},{"start":{"line":7,"column":19},"end":{"line":7,"column":31}}],"line":5},"1":{"loc":{"start":{"line":11,"column":8},"end":{"line":14,"column":9}},"type":"if","locations":[{"start":{"line":11,"column":8},"end":{"line":14,"column":9}},{"start":{},"end":{}}],"line":11},"2":{"loc":{"start":{"line":23,"column":4},"end":{"line":26,"column":5}},"type":"if","locations":[{"start":{"line":23,"column":4},"end":{"line":26,"column":5}},{"start":{},"end":{}}],"line":23}},"s":{"0":6,"1":6,"2":8,"3":20,"4":4,"5":16,"6":8,"7":8,"8":8,"9":6,"10":6,"11":6,"12":6,"13":6,"14":6,"15":16,"16":4,"17":4,"18":6,"19":1},"f":{"0":6,"1":20,"2":6,"3":16},"b":{"0":[4,16],"1":[6,2],"2":[4,12]},"_coverageSchema":"1a1c01bbd47fc00a2c39e90264f33305004495a9","hash":"f0e81662ca1ffc45dded66f6c7f009a304b88f74"}
,"C:\\Users\\Rustam\\Documents\\nodejs\\simple-crud-api\\src\\server\\server.js": {"path":"C:\\Users\\Rustam\\Documents\\nodejs\\simple-crud-api\\src\\server\\server.js","statementMap":{"0":{"start":{"line":1,"column":13},"end":{"line":1,"column":28}},"1":{"start":{"line":2,"column":22},"end":{"line":2,"column":56}},"2":{"start":{"line":3,"column":18},"end":{"line":3,"column":47}},"3":{"start":{"line":5,"column":15},"end":{"line":11,"column":2}},"4":{"start":{"line":6,"column":4},"end":{"line":10,"column":5}},"5":{"start":{"line":7,"column":8},"end":{"line":7,"column":32}},"6":{"start":{"line":9,"column":8},"end":{"line":9,"column":57}},"7":{"start":{"line":13,"column":0},"end":{"line":13,"column":24}}},"fnMap":{"0":{"name":"(anonymous_0)","decl":{"start":{"line":5,"column":33},"end":{"line":5,"column":34}},"loc":{"start":{"line":5,"column":53},"end":{"line":11,"column":1}},"line":5}},"branchMap":{},"s":{"0":1,"1":1,"2":1,"3":1,"4":6,"5":6,"6":0,"7":1},"f":{"0":6},"b":{},"_coverageSchema":"1a1c01bbd47fc00a2c39e90264f33305004495a9","hash":"e7f9dfa5b49a0411e8256e5f19e62733a495fb1e"}
,"C:\\Users\\Rustam\\Documents\\nodejs\\simple-crud-api\\src\\utils\\getDataFromReq.js": {"path":"C:\\Users\\Rustam\\Documents\\nodejs\\simple-crud-api\\src\\utils\\getDataFromReq.js","statementMap":{"0":{"start":{"line":2,"column":4},"end":{"line":13,"column":7}},"1":{"start":{"line":3,"column":25},"end":{"line":3,"column":27}},"2":{"start":{"line":4,"column":8},"end":{"line":6,"column":11}},"3":{"start":{"line":5,"column":12},"end":{"line":5,"column":43}},"4":{"start":{"line":7,"column":8},"end":{"line":9,"column":11}},"5":{"start":{"line":8,"column":12},"end":{"line":8,"column":32}},"6":{"start":{"line":10,"column":8},"end":{"line":12,"column":10}},"7":{"start":{"line":11,"column":12},"end":{"line":11,"column":26}},"8":{"start":{"line":16,"column":0},"end":{"line":16,"column":32}}},"fnMap":{"0":{"name":"getDataFromReq","decl":{"start":{"line":1,"column":9},"end":{"line":1,"column":23}},"loc":{"start":{"line":1,"column":29},"end":{"line":14,"column":1}},"line":1},"1":{"name":"(anonymous_1)","decl":{"start":{"line":2,"column":23},"end":{"line":2,"column":24}},"loc":{"start":{"line":2,"column":44},"end":{"line":13,"column":5}},"line":2},"2":{"name":"(anonymous_2)","decl":{"start":{"line":4,"column":23},"end":{"line":4,"column":24}},"loc":{"start":{"line":4,"column":34},"end":{"line":6,"column":9}},"line":4},"3":{"name":"(anonymous_3)","decl":{"start":{"line":7,"column":22},"end":{"line":7,"column":23}},"loc":{"start":{"line":7,"column":28},"end":{"line":9,"column":9}},"line":7},"4":{"name":"(anonymous_4)","decl":{"start":{"line":10,"column":24},"end":{"line":10,"column":25}},"loc":{"start":{"line":10,"column":35},"end":{"line":12,"column":9}},"line":10}},"branchMap":{},"s":{"0":6,"1":6,"2":6,"3":2,"4":6,"5":6,"6":6,"7":0,"8":1},"f":{"0":6,"1":6,"2":2,"3":6,"4":0},"b":{},"_coverageSchema":"1a1c01bbd47fc00a2c39e90264f33305004495a9","hash":"97a59bd24d55c51e666a345b0b5f8307aa4add74"}
,"C:\\Users\\Rustam\\Documents\\nodejs\\simple-crud-api\\src\\utils\\sendError.js": {"path":"C:\\Users\\Rustam\\Documents\\nodejs\\simple-crud-api\\src\\utils\\sendError.js","statementMap":{"0":{"start":{"line":2,"column":4},"end":{"line":2,"column":69}},"1":{"start":{"line":3,"column":21},"end":{"line":5,"column":5}},"2":{"start":{"line":6,"column":4},"end":{"line":6,"column":40}},"3":{"start":{"line":7,"column":4},"end":{"line":7,"column":14}},"4":{"start":{"line":10,"column":0},"end":{"line":10,"column":27}}},"fnMap":{"0":{"name":"sendError","decl":{"start":{"line":1,"column":9},"end":{"line":1,"column":18}},"loc":{"start":{"line":1,"column":42},"end":{"line":8,"column":1}},"line":1}},"branchMap":{},"s":{"0":1,"1":1,"2":1,"3":1,"4":1},"f":{"0":1},"b":{},"_coverageSchema":"1a1c01bbd47fc00a2c39e90264f33305004495a9","hash":"e89bf32f147d6d39e33448cbedafcc795b272464"}
}
