TN:
SF:__tests__\utils\createTestServer.js
FN:3,createTestServer
FN:4,(anonymous_1)
FN:5,(anonymous_2)
FN:8,(anonymous_3)
FNF:4
FNH:3
FNDA:1,createTestServer
FNDA:1,(anonymous_1)
FNDA:1,(anonymous_2)
FNDA:0,(anonymous_3)
DA:1,1
DA:4,1
DA:5,1
DA:6,1
DA:8,1
DA:9,0
DA:10,0
DA:15,1
LF:8
LH:6
BRF:0
BRH:0
end_of_record
TN:
SF:__tests__\utils\sendRequestToServer.js
FN:3,sendRequestToServer
FN:4,(anonymous_1)
FN:5,(anonymous_2)
FN:9,(anonymous_3)
FN:12,(anonymous_4)
FN:20,(anonymous_5)
FNF:6
FNH:5
FNDA:6,sendRequestToServer
FNDA:6,(anonymous_1)
FNDA:6,(anonymous_2)
FNDA:5,(anonymous_3)
FNDA:6,(anonymous_4)
FNDA:0,(anonymous_5)
DA:1,1
DA:4,6
DA:5,6
DA:6,6
DA:7,6
DA:8,6
DA:9,6
DA:10,5
DA:12,6
DA:13,6
DA:20,6
DA:21,0
DA:23,6
DA:24,2
DA:26,6
DA:30,1
LF:16
LH:15
BRDA:23,0,0,2
BRDA:23,0,1,4
BRF:2
BRH:2
end_of_record
TN:
SF:src\controllers\person.js
FN:4,getAllPersons
FN:6,(anonymous_1)
FN:12,getPerson
FN:19,createPerson
FN:31,updatePerson
FN:45,deletePerson
FNF:6
FNH:5
FNDA:1,getAllPersons
FNDA:0,(anonymous_1)
FNDA:2,getPerson
FNDA:1,createPerson
FNDA:1,updatePerson
FNDA:1,deletePerson
DA:1,1
DA:2,1
DA:5,1
DA:6,1
DA:7,0
DA:9,1
DA:13,2
DA:14,2
DA:15,1
DA:16,1
DA:20,1
DA:21,1
DA:22,1
DA:23,1
DA:27,1
DA:28,1
DA:32,1
DA:33,1
DA:34,1
DA:35,1
DA:41,1
DA:42,1
DA:46,1
DA:47,1
DA:48,1
DA:49,1
DA:50,1
DA:53,1
LF:28
LH:27
BRDA:14,0,0,1
BRDA:14,0,1,1
BRDA:20,1,0,1
BRDA:20,1,1,1
BRDA:20,1,2,1
BRDA:21,2,0,0
BRDA:21,2,1,1
BRDA:33,3,0,0
BRDA:33,3,1,1
BRDA:37,4,0,1
BRDA:37,4,1,0
BRDA:38,5,0,1
BRDA:38,5,1,0
BRDA:39,6,0,1
BRDA:39,6,1,0
BRDA:47,7,0,0
BRDA:47,7,1,1
BRF:17
BRH:11
end_of_record
TN:
SF:src\db\db.js
FNF:0
FNH:0
DA:1,1
DA:3,1
LF:2
LH:2
BRF:0
BRH:0
end_of_record
TN:
SF:src\handlers\person.js
FN:4,getAllPersons
FN:10,getPerson
FN:27,createPerson
FN:39,updatePerson
FN:63,deletePerson
FNF:5
FNH:5
FNDA:1,getAllPersons
FNDA:2,getPerson
FNDA:1,createPerson
FNDA:1,updatePerson
FNDA:1,deletePerson
DA:1,1
DA:2,1
DA:5,1
DA:6,1
DA:7,1
DA:11,2
DA:12,2
DA:13,2
DA:14,2
DA:15,0
DA:16,0
DA:18,2
DA:19,2
DA:20,1
DA:21,1
DA:23,1
DA:24,1
DA:29,1
DA:30,1
DA:32,0
DA:34,1
DA:35,1
DA:36,1
DA:40,1
DA:41,1
DA:42,1
DA:43,1
DA:44,0
DA:45,0
DA:48,1
DA:49,1
DA:51,0
DA:53,1
DA:54,1
DA:55,1
DA:56,0
DA:57,0
DA:59,1
DA:60,1
DA:64,1
DA:65,1
DA:66,1
DA:67,1
DA:68,0
DA:69,0
DA:71,1
DA:72,1
DA:73,0
DA:74,0
DA:76,1
DA:77,1
DA:80,1
LF:52
LH:40
BRDA:14,0,0,0
BRDA:14,0,1,2
BRDA:19,1,0,1
BRDA:19,1,1,1
BRDA:43,2,0,0
BRDA:43,2,1,1
BRDA:55,3,0,0
BRDA:55,3,1,1
BRDA:67,4,0,0
BRDA:67,4,1,1
BRDA:72,5,0,0
BRDA:72,5,1,1
BRF:12
BRH:7
end_of_record
TN:
SF:src\parser\config.js
FNF:0
FNH:0
DA:1,1
DA:3,1
DA:23,1
LF:3
LH:3
BRF:0
BRH:0
end_of_record
TN:
SF:src\parser\requestParser.js
FN:7,requestParser
FNF:1
FNH:1
FNDA:6,requestParser
DA:1,1
DA:2,1
DA:3,1
DA:4,1
DA:8,6
DA:9,6
DA:10,6
DA:11,6
DA:12,0
DA:13,0
DA:15,6
DA:16,6
DA:17,0
DA:18,0
DA:20,6
DA:21,6
DA:22,6
DA:23,6
DA:24,6
DA:25,6
DA:28,1
LF:21
LH:17
BRDA:11,0,0,0
BRDA:11,0,1,6
BRDA:16,1,0,0
BRDA:16,1,1,6
BRF:4
BRH:2
end_of_record
TN:
SF:src\parser\utils.js
FN:1,checkUrl
FN:4,(anonymous_1)
FN:19,getParamsFromUrl
FN:22,(anonymous_3)
FNF:4
FNH:4
FNDA:6,checkUrl
FNDA:20,(anonymous_1)
FNDA:6,getParamsFromUrl
FNDA:16,(anonymous_3)
DA:2,6
DA:3,6
DA:4,8
DA:5,20
DA:6,4
DA:7,16
DA:9,8
DA:10,8
DA:11,8
DA:12,6
DA:13,6
DA:16,6
DA:20,6
DA:21,6
DA:22,6
DA:23,16
DA:24,4
DA:25,4
DA:28,6
DA:31,1
LF:20
LH:20
BRDA:5,0,0,4
BRDA:5,0,1,16
BRDA:11,1,0,6
BRDA:11,1,1,2
BRDA:23,2,0,4
BRDA:23,2,1,12
BRF:6
BRH:6
end_of_record
TN:
SF:src\server\server.js
FN:5,(anonymous_0)
FNF:1
FNH:1
FNDA:6,(anonymous_0)
DA:1,1
DA:2,1
DA:3,1
DA:5,1
DA:6,6
DA:7,6
DA:9,0
DA:13,1
LF:8
LH:7
BRF:0
BRH:0
end_of_record
TN:
SF:src\utils\getDataFromReq.js
FN:1,getDataFromReq
FN:2,(anonymous_1)
FN:4,(anonymous_2)
FN:7,(anonymous_3)
FN:10,(anonymous_4)
FNF:5
FNH:4
FNDA:6,getDataFromReq
FNDA:6,(anonymous_1)
FNDA:2,(anonymous_2)
FNDA:6,(anonymous_3)
FNDA:0,(anonymous_4)
DA:2,6
DA:3,6
DA:4,6
DA:5,2
DA:7,6
DA:8,6
DA:10,6
DA:11,0
DA:16,1
LF:9
LH:8
BRF:0
BRH:0
end_of_record
TN:
SF:src\utils\sendError.js
FN:1,sendError
FNF:1
FNH:1
FNDA:1,sendError
DA:2,1
DA:3,1
DA:6,1
DA:7,1
DA:10,1
LF:5
LH:5
BRF:0
BRH:0
end_of_record
